# JRE version: OpenJDK Runtime Environment Temurin-17.0.1+12 (17.0.1+12) (build 17.0.1+12)
# Java VM: OpenJDK 64-Bit Server VM Temurin-17.0.1+12 (17.0.1+12, mixed mode, emulated-client, tiered, compressed oops, compressed class ptrs, g1 gc, linux-amd64)
GC Precious Log:
 CPUs: 4 total, 4 available
 Memory: 3787M
 Large Page Support: Disabled
 NUMA Support: Disabled
 Compressed Oops: Enabled (32-bit)
 Heap Region Size: 1M
 Heap Min Capacity: 8M
 Heap Initial Capacity: 60M
 Heap Max Capacity: 948M
 Pre-touch: Disabled
 Parallel Workers: 4
 Concurrent Workers: 1
 Concurrent Refinement Workers: 4
 Periodic GC: Disabled
Heap:
 garbage-first heap   total 61440K, used 49435K [0x00000000c4c00000, 0x0000000100000000)
  region size 1024K, 29 young (29696K), 3 survivors (3072K)
 Metaspace       used 60601K, committed 60992K, reserved 1105920K
  class space    used 8171K, committed 8320K, reserved 1048576K
GC Heap History (20 events):
Event: 6,168 GC heap after
{Heap after GC invocations=7 (full 0):
 garbage-first heap   total 49152K, used 10918K [0x00000000c4c00000, 0x0000000100000000)
  region size 1024K, 1 young (1024K), 1 survivors (1024K)
 Metaspace       used 26089K, committed 26368K, reserved 1073152K
  class space    used 3121K, committed 3264K, reserved 1048576K
}
Event: 6,210 GC heap before
{Heap before GC invocations=7 (full 0):
 garbage-first heap   total 49152K, used 32422K [0x00000000c4c00000, 0x0000000100000000)
  region size 1024K, 23 young (23552K), 1 survivors (1024K)
 Metaspace       used 26133K, committed 26432K, reserved 1073152K
  class space    used 3127K, committed 3264K, reserved 1048576K
}
Event: 6,213 GC heap after
{Heap after GC invocations=8 (full 0):
 garbage-first heap   total 49152K, used 10552K [0x00000000c4c00000, 0x0000000100000000)
  region size 1024K, 1 young (1024K), 1 survivors (1024K)
 Metaspace       used 26133K, committed 26432K, reserved 1073152K
  class space    used 3127K, committed 3264K, reserved 1048576K
}
Event: 6,841 GC heap before
{Heap before GC invocations=8 (full 0):
 garbage-first heap   total 49152K, used 34104K [0x00000000c4c00000, 0x0000000100000000)
  region size 1024K, 25 young (25600K), 1 survivors (1024K)
 Metaspace       used 27161K, committed 27456K, reserved 1073152K
  class space    used 3259K, committed 3392K, reserved 1048576K
}
Event: 6,853 GC heap after
{Heap after GC invocations=9 (full 0):
 garbage-first heap   total 49152K, used 11385K [0x00000000c4c00000, 0x0000000100000000)
  region size 1024K, 1 young (1024K), 1 survivors (1024K)
 Metaspace       used 27161K, committed 27456K, reserved 1073152K
  class space    used 3259K, committed 3392K, reserved 1048576K
}
Event: 8,809 GC heap before
{Heap before GC invocations=9 (full 0):
 garbage-first heap   total 49152K, used 35961K [0x00000000c4c00000, 0x0000000100000000)
  region size 1024K, 26 young (26624K), 1 survivors (1024K)
 Metaspace       used 30284K, committed 30656K, reserved 1081344K
  class space    used 3732K, committed 3904K, reserved 1048576K
}
Event: 8,826 GC heap after
{Heap after GC invocations=10 (full 0):
 garbage-first heap   total 49152K, used 13202K [0x00000000c4c00000, 0x0000000100000000)
  region size 1024K, 3 young (3072K), 3 survivors (3072K)
 Metaspace       used 30284K, committed 30656K, reserved 1081344K
  class space    used 3732K, committed 3904K, reserved 1048576K
}
Event: 10,645 GC heap before
{Heap before GC invocations=10 (full 0):
 garbage-first heap   total 49152K, used 36754K [0x00000000c4c00000, 0x0000000100000000)
  region size 1024K, 26 young (26624K), 3 survivors (3072K)
 Metaspace       used 34536K, committed 34880K, reserved 1081344K
  class space    used 4348K, committed 4480K, reserved 1048576K
}
Event: 10,678 GC heap after
{Heap after GC invocations=11 (full 0):
 garbage-first heap   total 49152K, used 15710K [0x00000000c4c00000, 0x0000000100000000)
  region size 1024K, 4 young (4096K), 4 survivors (4096K)
 Metaspace       used 34536K, committed 34880K, reserved 1081344K
  class space    used 4348K, committed 4480K, reserved 1048576K
}
Event: 10,695 GC heap before
{Heap before GC invocations=11 (full 0):
 garbage-first heap   total 49152K, used 35166K [0x00000000c4c00000, 0x0000000100000000)
  region size 1024K, 24 young (24576K), 4 survivors (4096K)
 Metaspace       used 34536K, committed 34880K, reserved 1081344K
  class space    used 4348K, committed 4480K, reserved 1048576K
}
Event: 10,720 GC heap after
{Heap after GC invocations=12 (full 0):
 garbage-first heap   total 98304K, used 15735K [0x00000000c4c00000, 0x0000000100000000)
  region size 1024K, 1 young (1024K), 1 survivors (1024K)
 Metaspace       used 34536K, committed 34880K, reserved 1081344K
  class space    used 4348K, committed 4480K, reserved 1048576K
}
Event: 11,482 GC heap before
{Heap before GC invocations=12 (full 0):
 garbage-first heap   total 98304K, used 43383K [0x00000000c4c00000, 0x0000000100000000)
  region size 1024K, 30 young (30720K), 1 survivors (1024K)
 Metaspace       used 35812K, committed 36096K, reserved 1081344K
  class space    used 4492K, committed 4608K, reserved 1048576K
}
Event: 11,493 GC heap after
{Heap after GC invocations=13 (full 0):
 garbage-first heap   total 98304K, used 16372K [0x00000000c4c00000, 0x0000000100000000)
  region size 1024K, 1 young (1024K), 1 survivors (1024K)
 Metaspace       used 35812K, committed 36096K, reserved 1081344K
  class space    used 4492K, committed 4608K, reserved 1048576K
}
Event: 14,245 GC heap before
{Heap before GC invocations=14 (full 0):
 garbage-first heap   total 61440K, used 55284K [0x00000000c4c00000, 0x0000000100000000)
  region size 1024K, 39 young (39936K), 1 survivors (1024K)
 Metaspace       used 46012K, committed 46400K, reserved 1089536K
  class space    used 6046K, committed 6208K, reserved 1048576K
}
Event: 14,264 GC heap after
{Heap after GC invocations=15 (full 0):
 garbage-first heap   total 61440K, used 18785K [0x00000000c4c00000, 0x0000000100000000)
  region size 1024K, 4 young (4096K), 4 survivors (4096K)
 Metaspace       used 46012K, committed 46400K, reserved 1089536K
  class space    used 6046K, committed 6208K, reserved 1048576K
}
Event: 16,384 GC heap before
{Heap before GC invocations=16 (full 0):
 garbage-first heap   total 61440K, used 48481K [0x00000000c4c00000, 0x0000000100000000)
  region size 1024K, 33 young (33792K), 4 survivors (4096K)
 Metaspace       used 53841K, committed 54208K, reserved 1097728K
  class space    used 7251K, committed 7424K, reserved 1048576K
}
Event: 16,401 GC heap after
{Heap after GC invocations=17 (full 0):
 garbage-first heap   total 61440K, used 20299K [0x00000000c4c00000, 0x0000000100000000)
  region size 1024K, 4 young (4096K), 4 survivors (4096K)
 Metaspace       used 53841K, committed 54208K, reserved 1097728K
  class space    used 7251K, committed 7424K, reserved 1048576K
}
Event: 18,381 GC heap before
{Heap before GC invocations=17 (full 0):
 garbage-first heap   total 61440K, used 48971K [0x00000000c4c00000, 0x0000000100000000)
  region size 1024K, 32 young (32768K), 4 survivors (4096K)
 Metaspace       used 57818K, committed 58176K, reserved 1105920K
  class space    used 7843K, committed 8000K, reserved 1048576K
}
Event: 18,400 GC heap after
{Heap after GC invocations=18 (full 0):
 garbage-first heap   total 61440K, used 22811K [0x00000000c4c00000, 0x0000000100000000)
  region size 1024K, 4 young (4096K), 4 survivors (4096K)
 Metaspace       used 57818K, committed 58176K, reserved 1105920K
  class space    used 7843K, committed 8000K, reserved 1048576K
}
Event: 418,189 GC heap before
{Heap before GC invocations=18 (full 0):
 garbage-first heap   total 61440K, used 48411K [0x00000000c4c00000, 0x0000000100000000)
  region size 1024K, 30 young (30720K), 4 survivors (4096K)
 Metaspace       used 60601K, committed 60992K, reserved 1105920K
  class space    used 8171K, committed 8320K, reserved 1048576K
}

